<?xml version="1.0" encoding="UTF-8"?>
<testng-results skipped="0" failed="0" total="1" passed="1">
  <reporter-output>
  </reporter-output>
  <suite name="Tests" duration-ms="16407" started-at="2015-11-03T11:48:31Z" finished-at="2015-11-03T11:48:47Z">
    <groups>
    </groups>
    <test name="Test1" duration-ms="16407" started-at="2015-11-03T11:48:31Z" finished-at="2015-11-03T11:48:47Z">
      <class name="zolota.Dou">
        <test-method status="PASS" signature="init()[pri:0, instance:zolota.Dou@39ba5a14]" name="init" is-config="true" duration-ms="5398" started-at="2015-11-03T13:48:31Z" finished-at="2015-11-03T13:48:36Z">
          <reporter-output>
          </reporter-output>
        </test-method> <!-- init -->
        <test-method status="PASS" signature="testUntitled2()[pri:0, instance:zolota.Dou@39ba5a14]" name="testUntitled2" duration-ms="10989" started-at="2015-11-03T13:48:36Z" finished-at="2015-11-03T13:48:47Z">
          <reporter-output>
          </reporter-output>
        </test-method> <!-- testUntitled2 -->
        <test-method status="PASS" signature="tearDown()[pri:0, instance:zolota.Dou@39ba5a14]" name="tearDown" is-config="true" duration-ms="793" started-at="2015-11-03T13:48:48Z" finished-at="2015-11-03T13:48:48Z">
          <reporter-output>
          </reporter-output>
        </test-method> <!-- tearDown -->
      </class> <!-- zolota.Dou -->
    </test> <!-- Test1 -->
  </suite> <!-- Tests -->
</testng-results>
